<?xml version="1.0" encoding="UTF-8"?>
<!-- Generated by org.testng.reporters.JUnitReportReporter -->
<testsuite skipped="0" hostname="LAPTOP-NLMRCDTF" name="tests.TC002" tests="1" failures="0" timestamp="18 Jun 2020 13:13:02 GMT" time="33.046" errors="0">
  <testcase name="invalidlogin" time="33.046" classname="tests.TC002"/>
</testsuite> <!-- tests.TC002 -->
