<?xml version="1.0" encoding="UTF-8"?>
<!-- Generated by org.testng.reporters.JUnitReportReporter -->
<testsuite skipped="0" hostname="LAPTOP-NLMRCDTF" name="tests.TC001" tests="1" failures="0" timestamp="18 Jun 2020 13:13:02 GMT" time="40.826" errors="0">
  <testcase name="validlogin" time="40.826" classname="tests.TC001"/>
</testsuite> <!-- tests.TC001 -->
